0 info it worked if it ends with ok
1 verbose cli [ 'C:\\Program Files\\nodejs\\node.exe',
1 verbose cli   'C:\\Program Files\\nodejs\\node_modules\\npm\\bin\\npm-cli.js',
1 verbose cli   'install',
1 verbose cli   'edit-xlsx',
1 verbose cli   '--save-dev' ]
2 info using npm@3.3.6
3 info using node@v5.0.0
4 silly loadCurrentTree Starting
5 silly install loadCurrentTree
6 silly install readLocalPackageData
7 silly fetchPackageMetaData edit-xlsx
8 silly fetchNamedPackageData edit-xlsx
9 silly mapToRegistry name edit-xlsx
10 silly mapToRegistry using default registry
11 silly mapToRegistry registry https://registry.npmjs.org/
12 silly mapToRegistry uri https://registry.npmjs.org/edit-xlsx
13 verbose request uri https://registry.npmjs.org/edit-xlsx
14 verbose request no auth needed
15 info attempt registry request try #1 at 16:01:27
16 verbose request id c50f117c4daf5d66
17 verbose etag "8XUI00I14B9LM9AE3AB045LMV"
18 http request GET https://registry.npmjs.org/edit-xlsx
19 http 304 https://registry.npmjs.org/edit-xlsx
20 verbose headers { date: 'Thu, 11 Aug 2016 18:59:38 GMT',
20 verbose headers   via: '1.1 varnish',
20 verbose headers   'cache-control': 'max-age=300',
20 verbose headers   etag: '"8XUI00I14B9LM9AE3AB045LMV"',
20 verbose headers   age: '47',
20 verbose headers   connection: 'keep-alive',
20 verbose headers   'x-served-by': 'cache-iad2123-IAD',
20 verbose headers   'x-cache': 'HIT',
20 verbose headers   'x-cache-hits': '1',
20 verbose headers   'x-timer': 'S1470941978.566375,VS0,VE0',
20 verbose headers   vary: 'Accept-Encoding' }
21 silly get cb [ 304,
21 silly get   { date: 'Thu, 11 Aug 2016 18:59:38 GMT',
21 silly get     via: '1.1 varnish',
21 silly get     'cache-control': 'max-age=300',
21 silly get     etag: '"8XUI00I14B9LM9AE3AB045LMV"',
21 silly get     age: '47',
21 silly get     connection: 'keep-alive',
21 silly get     'x-served-by': 'cache-iad2123-IAD',
21 silly get     'x-cache': 'HIT',
21 silly get     'x-cache-hits': '1',
21 silly get     'x-timer': 'S1470941978.566375,VS0,VE0',
21 silly get     vary: 'Accept-Encoding' } ]
22 verbose etag https://registry.npmjs.org/edit-xlsx from cache
23 verbose get saving edit-xlsx to C:\Users\yasmin.feitosa\AppData\Roaming\npm-cache\registry.npmjs.org\edit-xlsx\.cache.json
24 silly install normalizeTree
25 silly loadCurrentTree Finishing
26 silly loadIdealTree Starting
27 silly install loadIdealTree
28 silly cloneCurrentTree Starting
29 silly install cloneCurrentTreeToIdealTree
30 silly cloneCurrentTree Finishing
31 silly loadShrinkwrap Starting
32 silly install loadShrinkwrap
33 silly loadShrinkwrap Finishing
34 silly loadAllDepsIntoIdealTree Starting
35 silly install loadAllDepsIntoIdealTree
36 silly resolveWithNewModule edit-xlsx@0.0.3 checking installable status
37 silly cache add args [ 'edit-xlsx', null ]
38 verbose cache add spec edit-xlsx
39 silly cache add parsed spec Result {
39 silly cache add   raw: 'edit-xlsx',
39 silly cache add   scope: null,
39 silly cache add   name: 'edit-xlsx',
39 silly cache add   rawSpec: '',
39 silly cache add   spec: '*',
39 silly cache add   type: 'range' }
40 silly addNamed edit-xlsx@*
41 verbose addNamed "*" is a valid semver range for edit-xlsx
42 silly addNameRange { name: 'edit-xlsx', range: '*', hasData: false }
43 silly mapToRegistry name edit-xlsx
44 silly mapToRegistry using default registry
45 silly mapToRegistry registry https://registry.npmjs.org/
46 silly mapToRegistry uri https://registry.npmjs.org/edit-xlsx
47 verbose addNameRange registry:https://registry.npmjs.org/edit-xlsx not in flight; fetching
48 verbose get https://registry.npmjs.org/edit-xlsx not expired, no request
49 silly addNameRange number 2 { name: 'edit-xlsx', range: '*', hasData: true }
50 silly addNameRange versions [ 'edit-xlsx', [ '0.0.1', '0.0.2', '0.0.3' ] ]
51 silly addNamed edit-xlsx@0.0.3
52 verbose addNamed "0.0.3" is a plain semver version for edit-xlsx
53 silly cache afterAdd edit-xlsx@0.0.3
54 verbose afterAdd C:\Users\yasmin.feitosa\AppData\Roaming\npm-cache\edit-xlsx\0.0.3\package\package.json not in flight; writing
55 verbose afterAdd C:\Users\yasmin.feitosa\AppData\Roaming\npm-cache\edit-xlsx\0.0.3\package\package.json written
56 silly fetchNamedPackageData libxmljs
57 silly mapToRegistry name libxmljs
58 silly mapToRegistry using default registry
59 silly mapToRegistry registry https://registry.npmjs.org/
60 silly mapToRegistry uri https://registry.npmjs.org/libxmljs
61 verbose request uri https://registry.npmjs.org/libxmljs
62 verbose request no auth needed
63 info attempt registry request try #1 at 16:01:29
64 verbose etag "1B2NWWHRTNQ7Y1HHWK0MU090T"
65 http request GET https://registry.npmjs.org/libxmljs
66 http 304 https://registry.npmjs.org/libxmljs
67 verbose headers { date: 'Thu, 11 Aug 2016 18:59:39 GMT',
67 verbose headers   via: '1.1 varnish',
67 verbose headers   'cache-control': 'max-age=300',
67 verbose headers   etag: '"1B2NWWHRTNQ7Y1HHWK0MU090T"',
67 verbose headers   age: '127',
67 verbose headers   connection: 'keep-alive',
67 verbose headers   'x-served-by': 'cache-iad2146-IAD',
67 verbose headers   'x-cache': 'HIT',
67 verbose headers   'x-cache-hits': '1',
67 verbose headers   'x-timer': 'S1470941979.475298,VS0,VE0',
67 verbose headers   vary: 'Accept-Encoding' }
68 silly get cb [ 304,
68 silly get   { date: 'Thu, 11 Aug 2016 18:59:39 GMT',
68 silly get     via: '1.1 varnish',
68 silly get     'cache-control': 'max-age=300',
68 silly get     etag: '"1B2NWWHRTNQ7Y1HHWK0MU090T"',
68 silly get     age: '127',
68 silly get     connection: 'keep-alive',
68 silly get     'x-served-by': 'cache-iad2146-IAD',
68 silly get     'x-cache': 'HIT',
68 silly get     'x-cache-hits': '1',
68 silly get     'x-timer': 'S1470941979.475298,VS0,VE0',
68 silly get     vary: 'Accept-Encoding' } ]
69 verbose etag https://registry.npmjs.org/libxmljs from cache
70 verbose get saving libxmljs to C:\Users\yasmin.feitosa\AppData\Roaming\npm-cache\registry.npmjs.org\libxmljs\.cache.json
71 silly resolveWithNewModule libxmljs@0.9.0 checking installable status
72 silly cache add args [ 'libxmljs@^0.9.0', null ]
73 verbose cache add spec libxmljs@^0.9.0
74 silly cache add parsed spec Result {
74 silly cache add   raw: 'libxmljs@^0.9.0',
74 silly cache add   scope: null,
74 silly cache add   name: 'libxmljs',
74 silly cache add   rawSpec: '^0.9.0',
74 silly cache add   spec: '>=0.9.0 <0.10.0',
74 silly cache add   type: 'range' }
75 silly addNamed libxmljs@>=0.9.0 <0.10.0
76 verbose addNamed ">=0.9.0 <0.10.0" is a valid semver range for libxmljs
77 silly addNameRange { name: 'libxmljs', range: '>=0.9.0 <0.10.0', hasData: false }
78 silly mapToRegistry name libxmljs
79 silly mapToRegistry using default registry
80 silly mapToRegistry registry https://registry.npmjs.org/
81 silly mapToRegistry uri https://registry.npmjs.org/libxmljs
82 verbose addNameRange registry:https://registry.npmjs.org/libxmljs not in flight; fetching
83 verbose get https://registry.npmjs.org/libxmljs not expired, no request
84 silly addNameRange number 2 { name: 'libxmljs', range: '>=0.9.0 <0.10.0', hasData: true }
85 silly addNameRange versions [ 'libxmljs',
85 silly addNameRange   [ '0.4.1',
85 silly addNameRange     '0.4.2',
85 silly addNameRange     '0.4.3',
85 silly addNameRange     '0.5.0',
85 silly addNameRange     '0.5.1',
85 silly addNameRange     '0.5.2',
85 silly addNameRange     '0.5.3',
85 silly addNameRange     '0.5.4',
85 silly addNameRange     '0.6.0',
85 silly addNameRange     '0.6.1',
85 silly addNameRange     '0.7.0',
85 silly addNameRange     '0.7.1',
85 silly addNameRange     '0.8.0',
85 silly addNameRange     '0.8.1',
85 silly addNameRange     '0.9.0',
85 silly addNameRange     '0.10.0',
85 silly addNameRange     '0.11.0',
85 silly addNameRange     '0.11.1',
85 silly addNameRange     '0.12.0',
85 silly addNameRange     '0.13.0',
85 silly addNameRange     '0.14.0',
85 silly addNameRange     '0.14.1',
85 silly addNameRange     '0.14.2',
85 silly addNameRange     '0.14.3',
85 silly addNameRange     '0.15.0',
85 silly addNameRange     '0.16.0',
85 silly addNameRange     '0.16.1',
85 silly addNameRange     '0.17.0',
85 silly addNameRange     '0.17.1',
85 silly addNameRange     '0.18.0' ] ]
86 silly addNamed libxmljs@0.9.0
87 verbose addNamed "0.9.0" is a plain semver version for libxmljs
88 silly cache afterAdd libxmljs@0.9.0
89 verbose afterAdd C:\Users\yasmin.feitosa\AppData\Roaming\npm-cache\libxmljs\0.9.0\package\package.json not in flight; writing
90 verbose afterAdd C:\Users\yasmin.feitosa\AppData\Roaming\npm-cache\libxmljs\0.9.0\package\package.json written
91 silly fetchNamedPackageData bindings
92 silly mapToRegistry name bindings
93 silly mapToRegistry using default registry
94 silly mapToRegistry registry https://registry.npmjs.org/
95 silly mapToRegistry uri https://registry.npmjs.org/bindings
96 verbose request uri https://registry.npmjs.org/bindings
97 verbose request no auth needed
98 info attempt registry request try #1 at 16:01:30
99 verbose etag "33TX4J3DNTGF7K41ZUV6OA182"
100 http request GET https://registry.npmjs.org/bindings
101 http 304 https://registry.npmjs.org/bindings
102 verbose headers { date: 'Thu, 11 Aug 2016 18:59:40 GMT',
102 verbose headers   via: '1.1 varnish',
102 verbose headers   'cache-control': 'max-age=300',
102 verbose headers   etag: '"33TX4J3DNTGF7K41ZUV6OA182"',
102 verbose headers   age: '3',
102 verbose headers   connection: 'keep-alive',
102 verbose headers   'x-served-by': 'cache-iad2131-IAD',
102 verbose headers   'x-cache': 'HIT',
102 verbose headers   'x-cache-hits': '1',
102 verbose headers   'x-timer': 'S1470941980.622360,VS0,VE0',
102 verbose headers   vary: 'Accept-Encoding' }
103 silly get cb [ 304,
103 silly get   { date: 'Thu, 11 Aug 2016 18:59:40 GMT',
103 silly get     via: '1.1 varnish',
103 silly get     'cache-control': 'max-age=300',
103 silly get     etag: '"33TX4J3DNTGF7K41ZUV6OA182"',
103 silly get     age: '3',
103 silly get     connection: 'keep-alive',
103 silly get     'x-served-by': 'cache-iad2131-IAD',
103 silly get     'x-cache': 'HIT',
103 silly get     'x-cache-hits': '1',
103 silly get     'x-timer': 'S1470941980.622360,VS0,VE0',
103 silly get     vary: 'Accept-Encoding' } ]
104 verbose etag https://registry.npmjs.org/bindings from cache
105 verbose get saving bindings to C:\Users\yasmin.feitosa\AppData\Roaming\npm-cache\registry.npmjs.org\bindings\.cache.json
106 silly resolveWithNewModule bindings@1.0.0 checking installable status
107 silly cache add args [ 'bindings@1.0.0', null ]
108 verbose cache add spec bindings@1.0.0
109 silly cache add parsed spec Result {
109 silly cache add   raw: 'bindings@1.0.0',
109 silly cache add   scope: null,
109 silly cache add   name: 'bindings',
109 silly cache add   rawSpec: '1.0.0',
109 silly cache add   spec: '1.0.0',
109 silly cache add   type: 'version' }
110 silly addNamed bindings@1.0.0
111 verbose addNamed "1.0.0" is a plain semver version for bindings
112 silly mapToRegistry name bindings
113 silly mapToRegistry using default registry
114 silly mapToRegistry registry https://registry.npmjs.org/
115 silly mapToRegistry uri https://registry.npmjs.org/bindings
116 verbose addNameVersion registry:https://registry.npmjs.org/bindings not in flight; fetching
117 verbose get https://registry.npmjs.org/bindings not expired, no request
118 silly cache afterAdd bindings@1.0.0
119 verbose afterAdd C:\Users\yasmin.feitosa\AppData\Roaming\npm-cache\bindings\1.0.0\package\package.json not in flight; writing
120 verbose afterAdd C:\Users\yasmin.feitosa\AppData\Roaming\npm-cache\bindings\1.0.0\package\package.json written
121 silly loadAllDepsIntoIdealTree Finishing
122 silly idealTree:prePrune C:\Users\yasmin.feitosa\Documents\Projetos\Ionic\Queiroz Galvao\App
122 silly idealTree:prePrune ├── bindings@1.0.0
122 silly idealTree:prePrune ├── edit-xlsx@0.0.3
122 silly idealTree:prePrune ├── jszip@2.5.0
122 silly idealTree:prePrune ├── libxmljs@0.9.0
122 silly idealTree:prePrune ├── minimist@0.0.8
122 silly idealTree:prePrune ├── mkdirp@0.5.1
122 silly idealTree:prePrune ├── node-zip@1.1.1
122 silly idealTree:prePrune ├── pako@0.2.9
122 silly idealTree:prePrune ├── rimraf@2.2.8
122 silly idealTree:prePrune ├── temp@0.7.0
122 silly idealTree:prePrune ├── underscore@1.8.3
122 silly idealTree:prePrune └── uniq@1.0.1
123 silly loadIdealTree Finishing
124 silly currentTree C:\Users\yasmin.feitosa\Documents\Projetos\Ionic\Queiroz Galvao\App
124 silly currentTree ├── jszip@2.5.0
124 silly currentTree ├── minimist@0.0.8
124 silly currentTree ├── mkdirp@0.5.1
124 silly currentTree ├── node-zip@1.1.1
124 silly currentTree ├── pako@0.2.9
124 silly currentTree ├── rimraf@2.2.8
124 silly currentTree ├── temp@0.7.0
124 silly currentTree ├── underscore@1.8.3
124 silly currentTree └── uniq@1.0.1
125 silly idealTree C:\Users\yasmin.feitosa\Documents\Projetos\Ionic\Queiroz Galvao\App
125 silly idealTree ├── bindings@1.0.0
125 silly idealTree ├── edit-xlsx@0.0.3
125 silly idealTree ├── jszip@2.5.0
125 silly idealTree ├── libxmljs@0.9.0
125 silly idealTree ├── minimist@0.0.8
125 silly idealTree ├── mkdirp@0.5.1
125 silly idealTree ├── node-zip@1.1.1
125 silly idealTree ├── pako@0.2.9
125 silly idealTree ├── rimraf@2.2.8
125 silly idealTree ├── temp@0.7.0
125 silly idealTree ├── underscore@1.8.3
125 silly idealTree └── uniq@1.0.1
126 silly generateActionsToTake Starting
127 silly install generateActionsToTake
128 silly generateActionsToTake Finishing
129 silly diffTrees action count 3
130 silly diffTrees add bindings@1.0.0
131 silly diffTrees add libxmljs@0.9.0
132 silly diffTrees add edit-xlsx@0.0.3
133 silly decomposeActions action count 24
134 silly decomposeActions fetch bindings@1.0.0
135 silly decomposeActions extract bindings@1.0.0
136 silly decomposeActions preinstall bindings@1.0.0
137 silly decomposeActions build bindings@1.0.0
138 silly decomposeActions install bindings@1.0.0
139 silly decomposeActions postinstall bindings@1.0.0
140 silly decomposeActions test bindings@1.0.0
141 silly decomposeActions finalize bindings@1.0.0
142 silly decomposeActions fetch libxmljs@0.9.0
143 silly decomposeActions extract libxmljs@0.9.0
144 silly decomposeActions preinstall libxmljs@0.9.0
145 silly decomposeActions build libxmljs@0.9.0
146 silly decomposeActions install libxmljs@0.9.0
147 silly decomposeActions postinstall libxmljs@0.9.0
148 silly decomposeActions test libxmljs@0.9.0
149 silly decomposeActions finalize libxmljs@0.9.0
150 silly decomposeActions fetch edit-xlsx@0.0.3
151 silly decomposeActions extract edit-xlsx@0.0.3
152 silly decomposeActions preinstall edit-xlsx@0.0.3
153 silly decomposeActions build edit-xlsx@0.0.3
154 silly decomposeActions install edit-xlsx@0.0.3
155 silly decomposeActions postinstall edit-xlsx@0.0.3
156 silly decomposeActions test edit-xlsx@0.0.3
157 silly decomposeActions finalize edit-xlsx@0.0.3
158 silly executeActions Starting
159 silly install executeActions
160 silly doSerial global-install 0
161 silly doParallel fetch 3
162 verbose lock using C:\Users\yasmin.feitosa\AppData\Roaming\npm-cache\_locks\staging-b6adb6d14bb1adac.lock for C:\Users\yasmin.feitosa\Documents\Projetos\Ionic\Queiroz Galvao\App\node_modules\.staging
163 silly doParallel extract 3
164 silly extract bindings
165 silly extract libxmljs
166 silly extract edit-xlsx
167 verbose unbuild node_modules\.staging\bindings-e5d24008e0e89f53780f5c92cd4b1487
168 verbose unbuild node_modules\.staging\libxmljs-890fa8995dd534453c537dff4cbfcebc
169 verbose unbuild node_modules\.staging\edit-xlsx-42cf0c74ce74e32bee84aebde857b811
170 silly gentlyRm C:\Users\yasmin.feitosa\Documents\Projetos\Ionic\Queiroz Galvao\App\node_modules\.staging\bindings-e5d24008e0e89f53780f5c92cd4b1487 is being purged from base C:\Users\yasmin.feitosa\Documents\Projetos\Ionic\Queiroz Galvao\App
171 silly gentlyRm C:\Users\yasmin.feitosa\Documents\Projetos\Ionic\Queiroz Galvao\App\node_modules\.staging\libxmljs-890fa8995dd534453c537dff4cbfcebc is being purged from base C:\Users\yasmin.feitosa\Documents\Projetos\Ionic\Queiroz Galvao\App
172 silly gentlyRm C:\Users\yasmin.feitosa\Documents\Projetos\Ionic\Queiroz Galvao\App\node_modules\.staging\edit-xlsx-42cf0c74ce74e32bee84aebde857b811 is being purged from base C:\Users\yasmin.feitosa\Documents\Projetos\Ionic\Queiroz Galvao\App
173 verbose gentlyRm don't care about contents; nuking C:\Users\yasmin.feitosa\Documents\Projetos\Ionic\Queiroz Galvao\App\node_modules\.staging\bindings-e5d24008e0e89f53780f5c92cd4b1487
174 verbose gentlyRm don't care about contents; nuking C:\Users\yasmin.feitosa\Documents\Projetos\Ionic\Queiroz Galvao\App\node_modules\.staging\libxmljs-890fa8995dd534453c537dff4cbfcebc
175 verbose gentlyRm don't care about contents; nuking C:\Users\yasmin.feitosa\Documents\Projetos\Ionic\Queiroz Galvao\App\node_modules\.staging\edit-xlsx-42cf0c74ce74e32bee84aebde857b811
176 verbose tar unpack C:\Users\yasmin.feitosa\AppData\Roaming\npm-cache\bindings\1.0.0\package.tgz
177 verbose tar unpacking to C:\Users\yasmin.feitosa\Documents\Projetos\Ionic\Queiroz Galvao\App\node_modules\.staging\bindings-e5d24008e0e89f53780f5c92cd4b1487
178 silly gentlyRm C:\Users\yasmin.feitosa\Documents\Projetos\Ionic\Queiroz Galvao\App\node_modules\.staging\bindings-e5d24008e0e89f53780f5c92cd4b1487 is being purged
179 verbose tar unpack C:\Users\yasmin.feitosa\AppData\Roaming\npm-cache\libxmljs\0.9.0\package.tgz
180 verbose tar unpacking to C:\Users\yasmin.feitosa\Documents\Projetos\Ionic\Queiroz Galvao\App\node_modules\.staging\libxmljs-890fa8995dd534453c537dff4cbfcebc
181 silly gentlyRm C:\Users\yasmin.feitosa\Documents\Projetos\Ionic\Queiroz Galvao\App\node_modules\.staging\libxmljs-890fa8995dd534453c537dff4cbfcebc is being purged
182 verbose tar unpack C:\Users\yasmin.feitosa\AppData\Roaming\npm-cache\edit-xlsx\0.0.3\package.tgz
183 verbose tar unpacking to C:\Users\yasmin.feitosa\Documents\Projetos\Ionic\Queiroz Galvao\App\node_modules\.staging\edit-xlsx-42cf0c74ce74e32bee84aebde857b811
184 silly gentlyRm C:\Users\yasmin.feitosa\Documents\Projetos\Ionic\Queiroz Galvao\App\node_modules\.staging\edit-xlsx-42cf0c74ce74e32bee84aebde857b811 is being purged
185 verbose gentlyRm don't care about contents; nuking C:\Users\yasmin.feitosa\Documents\Projetos\Ionic\Queiroz Galvao\App\node_modules\.staging\bindings-e5d24008e0e89f53780f5c92cd4b1487
186 verbose gentlyRm don't care about contents; nuking C:\Users\yasmin.feitosa\Documents\Projetos\Ionic\Queiroz Galvao\App\node_modules\.staging\libxmljs-890fa8995dd534453c537dff4cbfcebc
187 verbose gentlyRm don't care about contents; nuking C:\Users\yasmin.feitosa\Documents\Projetos\Ionic\Queiroz Galvao\App\node_modules\.staging\edit-xlsx-42cf0c74ce74e32bee84aebde857b811
188 silly gunzTarPerm modes [ '777', '666' ]
189 silly gunzTarPerm modes [ '777', '666' ]
190 silly gunzTarPerm modes [ '777', '666' ]
191 silly gunzTarPerm extractEntry package.json
192 silly gunzTarPerm modified mode [ 'package.json', 420, 438 ]
193 silly gunzTarPerm extractEntry package.json
194 silly gunzTarPerm modified mode [ 'package.json', 420, 438 ]
195 silly gunzTarPerm extractEntry package.json
196 silly gunzTarPerm modified mode [ 'package.json', 420, 438 ]
197 silly gunzTarPerm extractEntry .npmignore
198 silly gunzTarPerm modified mode [ '.npmignore', 420, 438 ]
199 silly gunzTarPerm extractEntry README.md
200 silly gunzTarPerm modified mode [ 'README.md', 420, 438 ]
201 silly gunzTarPerm extractEntry .npmignore
202 silly gunzTarPerm modified mode [ '.npmignore', 420, 438 ]
203 silly gunzTarPerm extractEntry README.md
204 silly gunzTarPerm modified mode [ 'README.md', 420, 438 ]
205 silly gunzTarPerm extractEntry README.md
206 silly gunzTarPerm modified mode [ 'README.md', 420, 438 ]
207 silly gunzTarPerm extractEntry bindings.js
208 silly gunzTarPerm modified mode [ 'bindings.js', 420, 438 ]
209 silly gunzTarPerm extractEntry LICENSE
210 silly gunzTarPerm modified mode [ 'LICENSE', 420, 438 ]
211 silly gunzTarPerm extractEntry index.js
212 silly gunzTarPerm modified mode [ 'index.js', 420, 438 ]
213 silly gunzTarPerm extractEntry lib/main.js
214 silly gunzTarPerm modified mode [ 'lib/main.js', 420, 438 ]
215 silly gunzTarPerm extractEntry binding.gyp
216 silly gunzTarPerm modified mode [ 'binding.gyp', 420, 438 ]
217 silly gunzTarPerm extractEntry docs/Home.md
218 silly gunzTarPerm modified mode [ 'docs/Home.md', 420, 438 ]
219 silly gunzTarPerm extractEntry docs/Migrating-from-0.4.x-to-0.5.0.md
220 silly gunzTarPerm modified mode [ 'docs/Migrating-from-0.4.x-to-0.5.0.md', 420, 438 ]
221 silly gunzTarPerm extractEntry docs/_Sidebar.md
222 silly gunzTarPerm modified mode [ 'docs/_Sidebar.md', 420, 438 ]
223 silly gunzTarPerm extractEntry docs/api/Attribute.md
224 silly gunzTarPerm modified mode [ 'docs/api/Attribute.md', 420, 438 ]
225 silly gunzTarPerm extractEntry docs/api/Element.md
226 silly gunzTarPerm modified mode [ 'docs/api/Element.md', 420, 438 ]
227 silly gunzTarPerm extractEntry docs/api/HtmlDocument.md
228 silly gunzTarPerm modified mode [ 'docs/api/HtmlDocument.md', 420, 438 ]
229 silly gunzTarPerm extractEntry docs/api/Libxmljs.md
230 silly gunzTarPerm modified mode [ 'docs/api/Libxmljs.md', 420, 438 ]
231 silly gunzTarPerm extractEntry docs/api/Namespace.md
232 silly gunzTarPerm modified mode [ 'docs/api/Namespace.md', 420, 438 ]
233 silly gunzTarPerm extractEntry docs/api/SaxParser.md
234 silly gunzTarPerm modified mode [ 'docs/api/SaxParser.md', 420, 438 ]
235 silly gunzTarPerm extractEntry docs/api/SaxPushParser.md
236 silly gunzTarPerm modified mode [ 'docs/api/SaxPushParser.md', 420, 438 ]
237 silly gunzTarPerm extractEntry docs/api/SyntaxError.md
238 silly gunzTarPerm modified mode [ 'docs/api/SyntaxError.md', 420, 438 ]
239 silly gunzTarPerm extractEntry docs/api/XmlDocument.md
240 silly gunzTarPerm modified mode [ 'docs/api/XmlDocument.md', 420, 438 ]
241 silly gunzTarPerm extractEntry .travis.yml
242 silly gunzTarPerm modified mode [ '.travis.yml', 420, 438 ]
243 silly gunzTarPerm extractEntry Makefile
244 silly gunzTarPerm modified mode [ 'Makefile', 420, 438 ]
245 silly gunzTarPerm extractEntry lib/bindings.js
246 silly gunzTarPerm modified mode [ 'lib/bindings.js', 420, 438 ]
247 silly gunzTarPerm extractEntry lib/document.js
248 silly gunzTarPerm modified mode [ 'lib/document.js', 420, 438 ]
249 silly gunzTarPerm extractEntry lib/element.js
250 silly gunzTarPerm modified mode [ 'lib/element.js', 420, 438 ]
251 silly gunzTarPerm extractEntry lib/sax_parser.js
252 silly gunzTarPerm modified mode [ 'lib/sax_parser.js', 420, 438 ]
253 silly gunzTarPerm extractEntry wscript
254 silly gunzTarPerm modified mode [ 'wscript', 420, 438 ]
255 silly gunzTarPerm extractEntry src/xml_namespace.cc
256 silly gunzTarPerm modified mode [ 'src/xml_namespace.cc', 420, 438 ]
257 silly gunzTarPerm extractEntry src/html_document.cc
258 silly gunzTarPerm modified mode [ 'src/html_document.cc', 420, 438 ]
259 silly gunzTarPerm extractEntry src/libxmljs.cc
260 silly gunzTarPerm modified mode [ 'src/libxmljs.cc', 420, 438 ]
261 silly gunzTarPerm extractEntry src/libxmljs.h
262 silly gunzTarPerm modified mode [ 'src/libxmljs.h', 420, 438 ]
263 silly gunzTarPerm extractEntry src/xml_attribute.cc
264 silly gunzTarPerm modified mode [ 'src/xml_attribute.cc', 420, 438 ]
265 silly gunzTarPerm extractEntry src/xml_attribute.h
266 silly gunzTarPerm modified mode [ 'src/xml_attribute.h', 420, 438 ]
267 silly gunzTarPerm extractEntry src/xml_document.cc
268 silly gunzTarPerm modified mode [ 'src/xml_document.cc', 420, 438 ]
269 silly gunzTarPerm extractEntry src/xml_document.h
270 silly gunzTarPerm modified mode [ 'src/xml_document.h', 420, 438 ]
271 silly gunzTarPerm extractEntry src/xml_element.cc
272 silly gunzTarPerm modified mode [ 'src/xml_element.cc', 420, 438 ]
273 silly gunzTarPerm extractEntry src/xml_element.h
274 silly gunzTarPerm modified mode [ 'src/xml_element.h', 420, 438 ]
275 silly gunzTarPerm extractEntry src/html_document.h
276 silly gunzTarPerm modified mode [ 'src/html_document.h', 420, 438 ]
277 silly gunzTarPerm extractEntry src/xml_namespace.h
278 silly gunzTarPerm modified mode [ 'src/xml_namespace.h', 420, 438 ]
279 silly gunzTarPerm extractEntry src/xml_node.cc
280 silly gunzTarPerm modified mode [ 'src/xml_node.cc', 420, 438 ]
281 silly gunzTarPerm extractEntry src/xml_node.h
282 silly gunzTarPerm modified mode [ 'src/xml_node.h', 420, 438 ]
283 silly gunzTarPerm extractEntry src/xml_sax_parser.cc
284 silly gunzTarPerm modified mode [ 'src/xml_sax_parser.cc', 420, 438 ]
285 silly gunzTarPerm extractEntry src/xml_sax_parser.h
286 silly gunzTarPerm modified mode [ 'src/xml_sax_parser.h', 420, 438 ]
287 silly gunzTarPerm extractEntry src/xml_syntax_error.cc
288 silly gunzTarPerm modified mode [ 'src/xml_syntax_error.cc', 420, 438 ]
289 silly gunzTarPerm extractEntry src/xml_syntax_error.h
290 silly gunzTarPerm modified mode [ 'src/xml_syntax_error.h', 420, 438 ]
291 silly gunzTarPerm extractEntry src/xml_xpath_context.cc
292 silly gunzTarPerm modified mode [ 'src/xml_xpath_context.cc', 420, 438 ]
293 silly gunzTarPerm extractEntry src/xml_xpath_context.h
294 silly gunzTarPerm modified mode [ 'src/xml_xpath_context.h', 420, 438 ]
295 silly gunzTarPerm extractEntry test/attribute.js
296 silly gunzTarPerm modified mode [ 'test/attribute.js', 420, 438 ]
297 silly gunzTarPerm extractEntry test/xml_parser.js
298 silly gunzTarPerm modified mode [ 'test/xml_parser.js', 420, 438 ]
299 silly gunzTarPerm extractEntry test/html_parser.js
300 silly gunzTarPerm modified mode [ 'test/html_parser.js', 420, 438 ]
301 silly gunzTarPerm extractEntry test/main.js
302 silly gunzTarPerm modified mode [ 'test/main.js', 420, 438 ]
303 silly gunzTarPerm extractEntry test/element.js
304 silly gunzTarPerm modified mode [ 'test/element.js', 420, 438 ]
305 silly gunzTarPerm extractEntry test/document.js
306 silly gunzTarPerm modified mode [ 'test/document.js', 420, 438 ]
307 silly gunzTarPerm extractEntry test/ref_integrity.js
308 silly gunzTarPerm modified mode [ 'test/ref_integrity.js', 420, 438 ]
309 silly gunzTarPerm extractEntry test/searching.js
310 silly gunzTarPerm modified mode [ 'test/searching.js', 420, 438 ]
311 silly gunzTarPerm extractEntry test/text_node.js
312 silly gunzTarPerm modified mode [ 'test/text_node.js', 420, 438 ]
313 silly gunzTarPerm extractEntry test/traversal.js
314 silly gunzTarPerm modified mode [ 'test/traversal.js', 420, 438 ]
315 silly gunzTarPerm extractEntry test/namespace.js
316 silly gunzTarPerm modified mode [ 'test/namespace.js', 420, 438 ]
317 silly gunzTarPerm extractEntry test/xml_sax_parser.js
318 silly gunzTarPerm modified mode [ 'test/xml_sax_parser.js', 420, 438 ]
319 silly gunzTarPerm extractEntry test/node_attributes.js
320 silly gunzTarPerm modified mode [ 'test/node_attributes.js', 420, 438 ]
321 silly gunzTarPerm extractEntry test/fixtures/errors/comment.xml
322 silly gunzTarPerm modified mode [ 'test/fixtures/errors/comment.xml', 420, 438 ]
323 silly gunzTarPerm extractEntry test/fixtures/parser-utf16.xml
324 silly gunzTarPerm modified mode [ 'test/fixtures/parser-utf16.xml', 420, 438 ]
325 silly gunzTarPerm extractEntry test/fixtures/parser.euc_jp.html
326 silly gunzTarPerm modified mode [ 'test/fixtures/parser.euc_jp.html', 420, 438 ]
327 silly gunzTarPerm extractEntry test/fixtures/parser.html
328 silly gunzTarPerm modified mode [ 'test/fixtures/parser.html', 420, 438 ]
329 silly gunzTarPerm extractEntry test/fixtures/parser.xml
330 silly gunzTarPerm modified mode [ 'test/fixtures/parser.xml', 420, 438 ]
331 silly gunzTarPerm extractEntry test/fixtures/sax_parser.xml
332 silly gunzTarPerm modified mode [ 'test/fixtures/sax_parser.xml', 420, 438 ]
333 silly gunzTarPerm extractEntry test/fixtures/warnings/amp.html
334 silly gunzTarPerm modified mode [ 'test/fixtures/warnings/amp.html', 420, 438 ]
335 silly gunzTarPerm extractEntry test/fixtures/warnings/ent9.xml
336 silly gunzTarPerm modified mode [ 'test/fixtures/warnings/ent9.xml', 420, 438 ]
337 silly gunzTarPerm extractEntry vendor/libxml/schematron.c
338 silly gunzTarPerm modified mode [ 'vendor/libxml/schematron.c', 420, 438 ]
339 silly gunzTarPerm extractEntry vendor/libxml/DOCBparser.c
340 silly gunzTarPerm modified mode [ 'vendor/libxml/DOCBparser.c', 420, 438 ]
341 silly gunzTarPerm extractEntry vendor/libxml/HTMLtree.c
342 silly gunzTarPerm modified mode [ 'vendor/libxml/HTMLtree.c', 420, 438 ]
343 silly gunzTarPerm extractEntry vendor/libxml/SAX.c
344 silly gunzTarPerm modified mode [ 'vendor/libxml/SAX.c', 420, 438 ]
345 silly gunzTarPerm extractEntry vendor/libxml/SAX2.c
346 silly gunzTarPerm modified mode [ 'vendor/libxml/SAX2.c', 420, 438 ]
347 silly gunzTarPerm extractEntry vendor/libxml/buf.c
348 silly gunzTarPerm modified mode [ 'vendor/libxml/buf.c', 420, 438 ]
349 silly gunzTarPerm extractEntry vendor/libxml/buf.h
350 silly gunzTarPerm modified mode [ 'vendor/libxml/buf.h', 420, 438 ]
351 silly gunzTarPerm extractEntry vendor/libxml/c14n.c
352 silly gunzTarPerm modified mode [ 'vendor/libxml/c14n.c', 420, 438 ]
353 silly gunzTarPerm extractEntry vendor/libxml/catalog.c
354 silly gunzTarPerm modified mode [ 'vendor/libxml/catalog.c', 420, 438 ]
355 silly gunzTarPerm extractEntry vendor/libxml/chvalid.c
356 silly gunzTarPerm modified mode [ 'vendor/libxml/chvalid.c', 420, 438 ]
357 silly gunzTarPerm extractEntry vendor/libxml/config.h
358 silly gunzTarPerm modified mode [ 'vendor/libxml/config.h', 420, 438 ]
359 silly gunzTarPerm extractEntry vendor/libxml/debugXML.c
360 silly gunzTarPerm modified mode [ 'vendor/libxml/debugXML.c', 420, 438 ]
361 silly gunzTarPerm extractEntry vendor/libxml/dict.c
362 silly gunzTarPerm modified mode [ 'vendor/libxml/dict.c', 420, 438 ]
363 silly gunzTarPerm extractEntry vendor/libxml/elfgcchack.h
364 silly gunzTarPerm modified mode [ 'vendor/libxml/elfgcchack.h', 420, 438 ]
365 silly gunzTarPerm extractEntry vendor/libxml/enc.h
366 silly gunzTarPerm modified mode [ 'vendor/libxml/enc.h', 420, 438 ]
367 silly gunzTarPerm extractEntry vendor/libxml/encoding.c
368 silly gunzTarPerm modified mode [ 'vendor/libxml/encoding.c', 420, 438 ]
369 silly gunzTarPerm extractEntry vendor/libxml/entities.c
370 silly gunzTarPerm modified mode [ 'vendor/libxml/entities.c', 420, 438 ]
371 silly gunzTarPerm extractEntry vendor/libxml/error.c
372 silly gunzTarPerm modified mode [ 'vendor/libxml/error.c', 420, 438 ]
373 silly gunzTarPerm extractEntry vendor/libxml/globals.c
374 silly gunzTarPerm modified mode [ 'vendor/libxml/globals.c', 420, 438 ]
375 silly gunzTarPerm extractEntry vendor/libxml/hash.c
376 silly gunzTarPerm modified mode [ 'vendor/libxml/hash.c', 420, 438 ]
377 silly gunzTarPerm extractEntry vendor/libxml/include/libxml/schematron.h
378 silly gunzTarPerm modified mode [ 'vendor/libxml/include/libxml/schematron.h', 420, 438 ]
379 silly gunzTarPerm extractEntry vendor/libxml/include/libxml/DOCBparser.h
380 silly gunzTarPerm modified mode [ 'vendor/libxml/include/libxml/DOCBparser.h', 420, 438 ]
381 silly gunzTarPerm extractEntry vendor/libxml/include/libxml/HTMLtree.h
382 silly gunzTarPerm modified mode [ 'vendor/libxml/include/libxml/HTMLtree.h', 420, 438 ]
383 silly gunzTarPerm extractEntry vendor/libxml/include/libxml/Makefile
384 silly gunzTarPerm modified mode [ 'vendor/libxml/include/libxml/Makefile', 420, 438 ]
385 silly gunzTarPerm extractEntry vendor/libxml/include/libxml/Makefile.am
386 silly gunzTarPerm modified mode [ 'vendor/libxml/include/libxml/Makefile.am', 420, 438 ]
387 silly gunzTarPerm extractEntry vendor/libxml/include/libxml/Makefile.in
388 silly gunzTarPerm modified mode [ 'vendor/libxml/include/libxml/Makefile.in', 420, 438 ]
389 silly gunzTarPerm extractEntry vendor/libxml/include/libxml/SAX.h
390 silly gunzTarPerm modified mode [ 'vendor/libxml/include/libxml/SAX.h', 420, 438 ]
391 silly gunzTarPerm extractEntry vendor/libxml/include/libxml/SAX2.h
392 silly gunzTarPerm modified mode [ 'vendor/libxml/include/libxml/SAX2.h', 420, 438 ]
393 silly gunzTarPerm extractEntry vendor/libxml/include/libxml/c14n.h
394 silly gunzTarPerm modified mode [ 'vendor/libxml/include/libxml/c14n.h', 420, 438 ]
395 silly gunzTarPerm extractEntry vendor/libxml/include/libxml/catalog.h
396 silly gunzTarPerm modified mode [ 'vendor/libxml/include/libxml/catalog.h', 420, 438 ]
397 silly gunzTarPerm extractEntry vendor/libxml/include/libxml/chvalid.h
398 silly gunzTarPerm modified mode [ 'vendor/libxml/include/libxml/chvalid.h', 420, 438 ]
399 silly gunzTarPerm extractEntry vendor/libxml/include/libxml/debugXML.h
400 silly gunzTarPerm modified mode [ 'vendor/libxml/include/libxml/debugXML.h', 420, 438 ]
401 silly gunzTarPerm extractEntry vendor/libxml/include/libxml/dict.h
402 silly gunzTarPerm modified mode [ 'vendor/libxml/include/libxml/dict.h', 420, 438 ]
403 silly gunzTarPerm extractEntry vendor/libxml/include/libxml/encoding.h
404 silly gunzTarPerm modified mode [ 'vendor/libxml/include/libxml/encoding.h', 420, 438 ]
405 silly gunzTarPerm extractEntry vendor/libxml/include/libxml/entities.h
406 silly gunzTarPerm modified mode [ 'vendor/libxml/include/libxml/entities.h', 420, 438 ]
407 silly gunzTarPerm extractEntry vendor/libxml/include/libxml/globals.h
408 silly gunzTarPerm modified mode [ 'vendor/libxml/include/libxml/globals.h', 420, 438 ]
409 silly gunzTarPerm extractEntry vendor/libxml/include/libxml/hash.h
410 silly gunzTarPerm modified mode [ 'vendor/libxml/include/libxml/hash.h', 420, 438 ]
411 silly gunzTarPerm extractEntry vendor/libxml/include/libxml/list.h
412 silly gunzTarPerm modified mode [ 'vendor/libxml/include/libxml/list.h', 420, 438 ]
413 silly gunzTarPerm extractEntry vendor/libxml/include/libxml/nanoftp.h
414 silly gunzTarPerm modified mode [ 'vendor/libxml/include/libxml/nanoftp.h', 420, 438 ]
415 silly gunzTarPerm extractEntry vendor/libxml/include/libxml/nanohttp.h
416 silly gunzTarPerm modified mode [ 'vendor/libxml/include/libxml/nanohttp.h', 420, 438 ]
417 silly gunzTarPerm extractEntry vendor/libxml/include/libxml/parser.h
418 silly gunzTarPerm modified mode [ 'vendor/libxml/include/libxml/parser.h', 420, 438 ]
419 silly gunzTarPerm extractEntry vendor/libxml/include/libxml/parserInternals.h
420 silly gunzTarPerm modified mode [ 'vendor/libxml/include/libxml/parserInternals.h', 420, 438 ]
421 silly gunzTarPerm extractEntry vendor/libxml/include/libxml/pattern.h
422 silly gunzTarPerm modified mode [ 'vendor/libxml/include/libxml/pattern.h', 420, 438 ]
423 silly gunzTarPerm extractEntry vendor/libxml/include/libxml/relaxng.h
424 silly gunzTarPerm modified mode [ 'vendor/libxml/include/libxml/relaxng.h', 420, 438 ]
425 silly gunzTarPerm extractEntry vendor/libxml/include/libxml/schemasInternals.h
426 silly gunzTarPerm modified mode [ 'vendor/libxml/include/libxml/schemasInternals.h', 420, 438 ]
427 silly gunzTarPerm extractEntry vendor/libxml/include/libxml/HTMLparser.h
428 silly gunzTarPerm modified mode [ 'vendor/libxml/include/libxml/HTMLparser.h', 420, 438 ]
429 silly gunzTarPerm extractEntry vendor/libxml/include/libxml/threads.h
430 silly gunzTarPerm modified mode [ 'vendor/libxml/include/libxml/threads.h', 420, 438 ]
431 silly gunzTarPerm extractEntry vendor/libxml/include/libxml/tree.h
432 silly gunzTarPerm modified mode [ 'vendor/libxml/include/libxml/tree.h', 420, 438 ]
433 silly gunzTarPerm extractEntry vendor/libxml/include/libxml/uri.h
434 silly gunzTarPerm modified mode [ 'vendor/libxml/include/libxml/uri.h', 420, 438 ]
435 silly gunzTarPerm extractEntry vendor/libxml/include/libxml/valid.h
436 silly gunzTarPerm modified mode [ 'vendor/libxml/include/libxml/valid.h', 420, 438 ]
437 silly gunzTarPerm extractEntry vendor/libxml/include/libxml/xinclude.h
438 silly gunzTarPerm modified mode [ 'vendor/libxml/include/libxml/xinclude.h', 420, 438 ]
439 silly gunzTarPerm extractEntry vendor/libxml/include/libxml/xlink.h
440 silly gunzTarPerm modified mode [ 'vendor/libxml/include/libxml/xlink.h', 420, 438 ]
441 silly gunzTarPerm extractEntry vendor/libxml/include/libxml/xmlIO.h
442 silly gunzTarPerm modified mode [ 'vendor/libxml/include/libxml/xmlIO.h', 420, 438 ]
443 silly gunzTarPerm extractEntry vendor/libxml/include/libxml/xmlautomata.h
444 silly gunzTarPerm modified mode [ 'vendor/libxml/include/libxml/xmlautomata.h', 420, 438 ]
445 silly gunzTarPerm extractEntry vendor/libxml/include/libxml/xmlerror.h
446 silly gunzTarPerm modified mode [ 'vendor/libxml/include/libxml/xmlerror.h', 420, 438 ]
447 silly gunzTarPerm extractEntry vendor/libxml/include/libxml/xmlexports.h
448 silly gunzTarPerm modified mode [ 'vendor/libxml/include/libxml/xmlexports.h', 420, 438 ]
449 silly gunzTarPerm extractEntry vendor/libxml/include/libxml/xmlmemory.h
450 silly gunzTarPerm modified mode [ 'vendor/libxml/include/libxml/xmlmemory.h', 420, 438 ]
451 silly gunzTarPerm extractEntry vendor/libxml/include/libxml/xmlmodule.h
452 silly gunzTarPerm modified mode [ 'vendor/libxml/include/libxml/xmlmodule.h', 420, 438 ]
453 silly gunzTarPerm extractEntry vendor/libxml/include/libxml/xmlreader.h
454 silly gunzTarPerm modified mode [ 'vendor/libxml/include/libxml/xmlreader.h', 420, 438 ]
455 silly gunzTarPerm extractEntry vendor/libxml/include/libxml/xmlregexp.h
456 silly gunzTarPerm modified mode [ 'vendor/libxml/include/libxml/xmlregexp.h', 420, 438 ]
457 silly gunzTarPerm extractEntry vendor/libxml/include/libxml/xmlsave.h
458 silly gunzTarPerm modified mode [ 'vendor/libxml/include/libxml/xmlsave.h', 420, 438 ]
459 silly gunzTarPerm extractEntry vendor/libxml/include/libxml/xmlschemas.h
460 silly gunzTarPerm modified mode [ 'vendor/libxml/include/libxml/xmlschemas.h', 420, 438 ]
461 silly gunzTarPerm extractEntry vendor/libxml/include/libxml/xmlschemastypes.h
462 silly gunzTarPerm modified mode [ 'vendor/libxml/include/libxml/xmlschemastypes.h', 420, 438 ]
463 silly gunzTarPerm extractEntry vendor/libxml/include/libxml/xmlstring.h
464 silly gunzTarPerm modified mode [ 'vendor/libxml/include/libxml/xmlstring.h', 420, 438 ]
465 silly gunzTarPerm extractEntry vendor/libxml/include/libxml/xmlunicode.h
466 silly gunzTarPerm modified mode [ 'vendor/libxml/include/libxml/xmlunicode.h', 420, 438 ]
467 silly gunzTarPerm extractEntry vendor/libxml/include/libxml/xmlversion.h
468 silly gunzTarPerm modified mode [ 'vendor/libxml/include/libxml/xmlversion.h', 420, 438 ]
469 silly gunzTarPerm extractEntry vendor/libxml/include/libxml/xmlwriter.h
470 silly gunzTarPerm modified mode [ 'vendor/libxml/include/libxml/xmlwriter.h', 420, 438 ]
471 silly gunzTarPerm extractEntry vendor/libxml/include/libxml/xpath.h
472 silly gunzTarPerm modified mode [ 'vendor/libxml/include/libxml/xpath.h', 420, 438 ]
473 silly gunzTarPerm extractEntry vendor/libxml/include/libxml/xpathInternals.h
474 silly gunzTarPerm modified mode [ 'vendor/libxml/include/libxml/xpathInternals.h', 420, 438 ]
475 silly gunzTarPerm extractEntry vendor/libxml/include/libxml/xpointer.h
476 silly gunzTarPerm modified mode [ 'vendor/libxml/include/libxml/xpointer.h', 420, 438 ]
477 silly gunzTarPerm extractEntry vendor/libxml/include/win32config.h
478 silly gunzTarPerm modified mode [ 'vendor/libxml/include/win32config.h', 420, 438 ]
479 silly gunzTarPerm extractEntry vendor/libxml/include/wsockcompat.h
480 silly gunzTarPerm modified mode [ 'vendor/libxml/include/wsockcompat.h', 420, 438 ]
481 silly gunzTarPerm extractEntry vendor/libxml/legacy.c
482 silly gunzTarPerm modified mode [ 'vendor/libxml/legacy.c', 420, 438 ]
483 silly gunzTarPerm extractEntry vendor/libxml/libxml.gyp
484 silly gunzTarPerm modified mode [ 'vendor/libxml/libxml.gyp', 420, 438 ]
485 silly gunzTarPerm extractEntry vendor/libxml/libxml.h
486 silly gunzTarPerm modified mode [ 'vendor/libxml/libxml.h', 420, 438 ]
487 silly gunzTarPerm extractEntry vendor/libxml/list.c
488 silly gunzTarPerm modified mode [ 'vendor/libxml/list.c', 420, 438 ]
489 silly gunzTarPerm extractEntry vendor/libxml/nanoftp.c
490 silly gunzTarPerm modified mode [ 'vendor/libxml/nanoftp.c', 420, 438 ]
491 silly gunzTarPerm extractEntry vendor/libxml/nanohttp.c
492 silly gunzTarPerm modified mode [ 'vendor/libxml/nanohttp.c', 420, 438 ]
493 silly gunzTarPerm extractEntry vendor/libxml/parser.c
494 silly gunzTarPerm modified mode [ 'vendor/libxml/parser.c', 420, 438 ]
495 silly gunzTarPerm extractEntry vendor/libxml/parserInternals.c
496 silly gunzTarPerm modified mode [ 'vendor/libxml/parserInternals.c', 420, 438 ]
497 silly gunzTarPerm extractEntry vendor/libxml/pattern.c
498 silly gunzTarPerm modified mode [ 'vendor/libxml/pattern.c', 420, 438 ]
499 silly gunzTarPerm extractEntry vendor/libxml/relaxng.c
500 silly gunzTarPerm modified mode [ 'vendor/libxml/relaxng.c', 420, 438 ]
501 silly gunzTarPerm extractEntry vendor/libxml/runsuite.c
502 silly gunzTarPerm modified mode [ 'vendor/libxml/runsuite.c', 420, 438 ]
503 silly gunzTarPerm extractEntry vendor/libxml/save.h
504 silly gunzTarPerm modified mode [ 'vendor/libxml/save.h', 420, 438 ]
505 silly gunzTarPerm extractEntry vendor/libxml/HTMLparser.c
506 silly gunzTarPerm modified mode [ 'vendor/libxml/HTMLparser.c', 420, 438 ]
507 silly gunzTarPerm extractEntry vendor/libxml/threads.c
508 silly gunzTarPerm modified mode [ 'vendor/libxml/threads.c', 420, 438 ]
509 silly gunzTarPerm extractEntry vendor/libxml/timsort.h
510 silly gunzTarPerm modified mode [ 'vendor/libxml/timsort.h', 420, 438 ]
511 silly gunzTarPerm extractEntry vendor/libxml/tree.c
512 silly gunzTarPerm modified mode [ 'vendor/libxml/tree.c', 420, 438 ]
513 silly gunzTarPerm extractEntry vendor/libxml/trio.c
514 silly gunzTarPerm modified mode [ 'vendor/libxml/trio.c', 420, 438 ]
515 silly gunzTarPerm extractEntry vendor/libxml/trio.h
516 silly gunzTarPerm modified mode [ 'vendor/libxml/trio.h', 420, 438 ]
517 silly gunzTarPerm extractEntry vendor/libxml/triodef.h
518 silly gunzTarPerm modified mode [ 'vendor/libxml/triodef.h', 420, 438 ]
519 silly gunzTarPerm extractEntry vendor/libxml/trionan.c
520 silly gunzTarPerm modified mode [ 'vendor/libxml/trionan.c', 420, 438 ]
521 silly gunzTarPerm extractEntry vendor/libxml/trionan.h
522 silly gunzTarPerm modified mode [ 'vendor/libxml/trionan.h', 420, 438 ]
523 silly gunzTarPerm extractEntry vendor/libxml/triop.h
524 silly gunzTarPerm modified mode [ 'vendor/libxml/triop.h', 420, 438 ]
525 silly gunzTarPerm extractEntry vendor/libxml/triostr.c
526 silly gunzTarPerm modified mode [ 'vendor/libxml/triostr.c', 420, 438 ]
527 silly gunzTarPerm extractEntry vendor/libxml/triostr.h
528 silly gunzTarPerm modified mode [ 'vendor/libxml/triostr.h', 420, 438 ]
529 silly gunzTarPerm extractEntry vendor/libxml/uri.c
530 silly gunzTarPerm modified mode [ 'vendor/libxml/uri.c', 420, 438 ]
531 silly gunzTarPerm extractEntry vendor/libxml/valid.c
532 silly gunzTarPerm modified mode [ 'vendor/libxml/valid.c', 420, 438 ]
533 silly gunzTarPerm extractEntry vendor/libxml/xinclude.c
534 silly gunzTarPerm modified mode [ 'vendor/libxml/xinclude.c', 420, 438 ]
535 silly gunzTarPerm extractEntry vendor/libxml/xlink.c
536 silly gunzTarPerm modified mode [ 'vendor/libxml/xlink.c', 420, 438 ]
537 silly gunzTarPerm extractEntry vendor/libxml/xmlIO.c
538 silly gunzTarPerm modified mode [ 'vendor/libxml/xmlIO.c', 420, 438 ]
539 silly gunzTarPerm extractEntry vendor/libxml/xmlcatalog.c
540 silly gunzTarPerm modified mode [ 'vendor/libxml/xmlcatalog.c', 420, 438 ]
541 silly gunzTarPerm extractEntry vendor/libxml/xmllint.c
542 silly gunzTarPerm modified mode [ 'vendor/libxml/xmllint.c', 420, 438 ]
543 silly gunzTarPerm extractEntry vendor/libxml/xmlmemory.c
544 silly gunzTarPerm modified mode [ 'vendor/libxml/xmlmemory.c', 420, 438 ]
545 silly gunzTarPerm extractEntry vendor/libxml/xmlmodule.c
546 silly gunzTarPerm modified mode [ 'vendor/libxml/xmlmodule.c', 420, 438 ]
547 silly gunzTarPerm extractEntry vendor/libxml/xmlreader.c
548 silly gunzTarPerm modified mode [ 'vendor/libxml/xmlreader.c', 420, 438 ]
549 silly gunzTarPerm extractEntry vendor/libxml/xmlregexp.c
550 silly gunzTarPerm modified mode [ 'vendor/libxml/xmlregexp.c', 420, 438 ]
551 silly gunzTarPerm extractEntry vendor/libxml/xmlsave.c
552 silly gunzTarPerm modified mode [ 'vendor/libxml/xmlsave.c', 420, 438 ]
553 silly gunzTarPerm extractEntry vendor/libxml/xmlschemas.c
554 silly gunzTarPerm modified mode [ 'vendor/libxml/xmlschemas.c', 420, 438 ]
555 silly gunzTarPerm extractEntry vendor/libxml/xmlschemastypes.c
556 silly gunzTarPerm modified mode [ 'vendor/libxml/xmlschemastypes.c', 420, 438 ]
557 silly gunzTarPerm extractEntry vendor/libxml/xmlstring.c
558 silly gunzTarPerm modified mode [ 'vendor/libxml/xmlstring.c', 420, 438 ]
559 silly gunzTarPerm extractEntry vendor/libxml/xmlunicode.c
560 silly gunzTarPerm modified mode [ 'vendor/libxml/xmlunicode.c', 420, 438 ]
561 silly gunzTarPerm extractEntry vendor/libxml/xmlwriter.c
562 silly gunzTarPerm modified mode [ 'vendor/libxml/xmlwriter.c', 420, 438 ]
563 silly gunzTarPerm extractEntry vendor/libxml/xpath.c
564 silly gunzTarPerm modified mode [ 'vendor/libxml/xpath.c', 420, 438 ]
565 silly gunzTarPerm extractEntry vendor/libxml/xpointer.c
566 silly gunzTarPerm modified mode [ 'vendor/libxml/xpointer.c', 420, 438 ]
567 silly gunzTarPerm extractEntry vendor/libxml/xzlib.c
568 silly gunzTarPerm modified mode [ 'vendor/libxml/xzlib.c', 420, 438 ]
569 silly gunzTarPerm extractEntry vendor/libxml/xzlib.h
570 silly gunzTarPerm modified mode [ 'vendor/libxml/xzlib.h', 420, 438 ]
571 silly gunzTarPerm extractEntry examples/cdata.js
572 silly gunzTarPerm modified mode [ 'examples/cdata.js', 420, 438 ]
573 silly doParallel preinstall 3
574 silly preinstall bindings C:\Users\yasmin.feitosa\Documents\Projetos\Ionic\Queiroz Galvao\App\node_modules\.staging\bindings-e5d24008e0e89f53780f5c92cd4b1487
575 info lifecycle bindings@1.0.0~preinstall: bindings@1.0.0
576 silly preinstall libxmljs C:\Users\yasmin.feitosa\Documents\Projetos\Ionic\Queiroz Galvao\App\node_modules\.staging\libxmljs-890fa8995dd534453c537dff4cbfcebc
577 info lifecycle libxmljs@0.9.0~preinstall: libxmljs@0.9.0
578 silly preinstall edit-xlsx C:\Users\yasmin.feitosa\Documents\Projetos\Ionic\Queiroz Galvao\App\node_modules\.staging\edit-xlsx-42cf0c74ce74e32bee84aebde857b811
579 info lifecycle edit-xlsx@0.0.3~preinstall: edit-xlsx@0.0.3
580 silly lifecycle bindings@1.0.0~preinstall: no script for preinstall, continuing
581 silly lifecycle libxmljs@0.9.0~preinstall: no script for preinstall, continuing
582 silly lifecycle edit-xlsx@0.0.3~preinstall: no script for preinstall, continuing
583 silly doReverseSerial remove 0
584 silly doSerial move 0
585 silly doSerial finalize 3
586 silly finalize C:\Users\yasmin.feitosa\Documents\Projetos\Ionic\Queiroz Galvao\App\node_modules\bindings
587 silly finalize C:\Users\yasmin.feitosa\Documents\Projetos\Ionic\Queiroz Galvao\App\node_modules\libxmljs
588 silly finalize C:\Users\yasmin.feitosa\Documents\Projetos\Ionic\Queiroz Galvao\App\node_modules\edit-xlsx
589 silly doSerial build 3
590 silly build bindings
591 info linkStuff bindings@1.0.0
592 silly linkStuff bindings@1.0.0 has C:\Users\yasmin.feitosa\Documents\Projetos\Ionic\Queiroz Galvao\App\node_modules as its parent node_modules
593 verbose linkBins bindings@1.0.0
594 verbose linkMans bindings@1.0.0
595 verbose rebuildBundles bindings@1.0.0
596 silly build libxmljs
597 info linkStuff libxmljs@0.9.0
598 silly linkStuff libxmljs@0.9.0 has C:\Users\yasmin.feitosa\Documents\Projetos\Ionic\Queiroz Galvao\App\node_modules as its parent node_modules
599 verbose linkBins libxmljs@0.9.0
600 verbose linkMans libxmljs@0.9.0
601 verbose rebuildBundles libxmljs@0.9.0
602 silly build edit-xlsx
603 info linkStuff edit-xlsx@0.0.3
604 silly linkStuff edit-xlsx@0.0.3 has C:\Users\yasmin.feitosa\Documents\Projetos\Ionic\Queiroz Galvao\App\node_modules as its parent node_modules
605 verbose linkBins edit-xlsx@0.0.3
606 verbose linkMans edit-xlsx@0.0.3
607 verbose rebuildBundles edit-xlsx@0.0.3
608 silly doSerial global-link 0
609 silly doParallel update-linked 0
610 silly doSerial install 3
611 silly install bindings C:\Users\yasmin.feitosa\Documents\Projetos\Ionic\Queiroz Galvao\App\node_modules\.staging\bindings-e5d24008e0e89f53780f5c92cd4b1487
612 info lifecycle bindings@1.0.0~install: bindings@1.0.0
613 silly lifecycle bindings@1.0.0~install: no script for install, continuing
614 silly install libxmljs C:\Users\yasmin.feitosa\Documents\Projetos\Ionic\Queiroz Galvao\App\node_modules\.staging\libxmljs-890fa8995dd534453c537dff4cbfcebc
615 info lifecycle libxmljs@0.9.0~install: libxmljs@0.9.0
616 verbose lifecycle libxmljs@0.9.0~install: unsafe-perm in lifecycle true
617 verbose lifecycle libxmljs@0.9.0~install: PATH: C:\Program Files\nodejs\node_modules\npm\bin\node-gyp-bin;C:\Users\yasmin.feitosa\Documents\Projetos\Ionic\Queiroz Galvao\App\node_modules\libxmljs\node_modules\.bin;C:\Users\yasmin.feitosa\Documents\Projetos\Ionic\Queiroz Galvao\App\node_modules\.bin;C:\Users\yasmin.feitosa\AppData\Roaming\npm;C:\Program Files\nodejs\;C:\Program Files (x86)\PC Connectivity Solution\;C:\ProgramData\Oracle\Java\javapath;C:\windows\system32;C:\Program Files\nodejs\;C:\Program Files\Git\bin;C:\Program Files (x86)\Heroku\bin;C:\Program Files (x86)\git\cmd;C:\Program Files (x86)\PC Connectivity Solution\;C:\ProgramData\Oracle\Java\javapath;C:\windows\system32;C:\Program Files\nodejs\;C:\Program Files\Git\bin;C:\Program Files (x86)\Heroku\bin;C:\Program Files (x86)\git\cmd;C:\Program Files (x86)\PC Connectivity Solution\;C:\ProgramData\Oracle\Java\javapath;C:\windows\system32;C:\Program Files\nodejs\;C:\Program Files\Git\bin;C:\Program Files (x86)\Heroku\bin;C:\Program Files (x86)\git\cmd;C:\WINDOWS\System32;C:\Users\bruno.tinelli\AppData\Local\Android\android-sdk\tools;C:\Users\bruno.tinelli\AppData\Local\Android\android-sdk\platform-tools;C:\Program Files (x86)\Windows Kits\8.1\Windows Performance Toolkit\;C:\Program Files\Microsoft SQL Server\Client SDK\ODBC\110\Tools\Binn\;C:\Program Files (x86)\Microsoft SQL Server\120\Tools\Binn\;C:\Program Files\Microsoft SQL Server\120\Tools\Binn\;C:\Program Files\Microsoft SQL Server\120\DTS\Binn\;C:\Program Files\Microsoft SQL Server\110\Tools\Binn\;C:\Program Files (x86)\Skype\Phone\;C:\WINDOWS\system32;C:\WINDOWS;C:\WINDOWS\System32\Wbem;C:\WINDOWS\System32\WindowsPowerShell\v1.0\;C:\Users\bruno.tinelli\AppData\Local\Android\android-sdk\tools;C:\Users\bruno.tinelli\AppData\Local\Android\android-sdk\platform-tools;C:\Program Files (x86)\Windows Kits\8.1\Windows Performance Toolkit\;C:\Program Files\Microsoft SQL Server\Client SDK\ODBC\110\Tools\Binn\;C:\Program Files (x86)\Microsoft SQL Server\120\Tools\Binn\;C:\Program Files\Microsoft SQL Server\120\Tools\Binn\;C:\Program Files\Microsoft SQL Server\120\DTS\Binn\;C:\Program Files\Microsoft SQL Server\110\Tools\Binn\;C:\Program Files (x86)\Skype\Phone\;C:\WINDOWS\system32;C:\WINDOWS;C:\WINDOWS\System32\Wbem;C:\WINDOWS\System32\WindowsPowerShell\v1.0\;C:\Users\bruno.tinelli\AppData\Local\Android\android-sdk\tools;C:\Users\bruno.tinelli\AppData\Local\Android\android-sdk\platform-tools;C:\Program Files (x86)\Windows Kits\8.1\Windows Performance Toolkit\;C:\Program Files\Microsoft SQL Server\Client SDK\ODBC\110\Tools\Binn\;C:\Program Files (x86)\Microsoft SQL Server\120\Tools\Binn\;C:\Program Files\Microsoft SQL Server\120\Tools\Binn\;C:\Program Files\Microsoft SQL Server\120\DTS\Binn\;C:\Program Files\Microsoft SQL Server\110\Tools\Binn\;C:\Program Files (x86)\Skype\Phone\;C:\WINDOWS\system32;C:\WINDOWS;C:\WINDOWS\System32\Wbem;C:\WINDOWS\System32\WindowsPowerShell\v1.0\;C:\Users\yasmin.feitosa\AppData\Local\atom\bin
618 verbose lifecycle libxmljs@0.9.0~install: CWD: C:\Users\yasmin.feitosa\Documents\Projetos\Ionic\Queiroz Galvao\App\node_modules\libxmljs
619 silly lifecycle libxmljs@0.9.0~install: Args: [ '/d /s /c', 'node-gyp rebuild' ]
620 silly lifecycle libxmljs@0.9.0~install: Returned: code: 1  signal: null
621 info lifecycle libxmljs@0.9.0~install: Failed to exec install script
622 verbose unlock done using C:\Users\yasmin.feitosa\AppData\Roaming\npm-cache\_locks\staging-b6adb6d14bb1adac.lock for C:\Users\yasmin.feitosa\Documents\Projetos\Ionic\Queiroz Galvao\App\node_modules\.staging
623 silly rollbackFailedOptional Starting
624 silly rollbackFailedOptional Finishing
625 silly runTopLevelLifecycles Starting
626 silly runTopLevelLifecycles Finishing
627 silly install printInstalled
628 warn Invalid name: "Invenario Yapp"
629 warn EPACKAGEJSON C:\Users\yasmin.feitosa\Documents\Projetos\Ionic\Queiroz Galvao\App No description
630 warn EPACKAGEJSON C:\Users\yasmin.feitosa\Documents\Projetos\Ionic\Queiroz Galvao\App No repository field.
631 warn EPACKAGEJSON C:\Users\yasmin.feitosa\Documents\Projetos\Ionic\Queiroz Galvao\App No README data
632 warn EPACKAGEJSON C:\Users\yasmin.feitosa\Documents\Projetos\Ionic\Queiroz Galvao\App No license field.
633 verbose stack Error: libxmljs@0.9.0 install: `node-gyp rebuild`
633 verbose stack Exit status 1
633 verbose stack     at EventEmitter.<anonymous> (C:\Program Files\nodejs\node_modules\npm\lib\utils\lifecycle.js:233:16)
633 verbose stack     at emitTwo (events.js:87:13)
633 verbose stack     at EventEmitter.emit (events.js:172:7)
633 verbose stack     at ChildProcess.<anonymous> (C:\Program Files\nodejs\node_modules\npm\lib\utils\spawn.js:24:14)
633 verbose stack     at emitTwo (events.js:87:13)
633 verbose stack     at ChildProcess.emit (events.js:172:7)
633 verbose stack     at maybeClose (internal/child_process.js:818:16)
633 verbose stack     at Process.ChildProcess._handle.onexit (internal/child_process.js:211:5)
634 verbose pkgid libxmljs@0.9.0
635 verbose cwd C:\Users\yasmin.feitosa\Documents\Projetos\Ionic\Queiroz Galvao\App
636 error Windows_NT 10.0.10586
637 error argv "C:\\Program Files\\nodejs\\node.exe" "C:\\Program Files\\nodejs\\node_modules\\npm\\bin\\npm-cli.js" "install" "edit-xlsx" "--save-dev"
638 error node v5.0.0
639 error npm  v3.3.6
640 error code ELIFECYCLE
641 error libxmljs@0.9.0 install: `node-gyp rebuild`
641 error Exit status 1
642 error Failed at the libxmljs@0.9.0 install script 'node-gyp rebuild'.
642 error This is most likely a problem with the libxmljs package,
642 error not with npm itself.
642 error Tell the author that this fails on your system:
642 error     node-gyp rebuild
642 error You can get their info via:
642 error     npm owner ls libxmljs
642 error There is likely additional logging output above.
643 verbose exit [ 1, true ]
